<?xml version="1.0" encoding="UTF-8"?>
<!-- Generated by org.testng.reporters.JUnitXMLReporter -->
<testsuite hostname="LAPTOP-9Q4PB9CG" ignored="0" name="Surefire test" tests="6" failures="0" timestamp="2024-10-07T12:28:31 IST" time="8.008" errors="0">
  <testcase name="testPostUser" time="0.0" classname="api.test.DDTest">
    <skipped/>
  </testcase> <!-- testPostUser -->
  <testcase name="testDeleteUsername" time="0.0" classname="api.test.DDTest">
    <skipped/>
  </testcase> <!-- testDeleteUsername -->
  <testcase name="testPostUser" time="2.898" classname="api.test.UserTests"/>
  <testcase name="testGetUserByName" time="1.053" classname="api.test.UserTests"/>
  <testcase name="testUpdateUserByName" time="2.083" classname="api.test.UserTests"/>
  <testcase name="testDeleteUserByName" time="1.045" classname="api.test.UserTests"/>
</testsuite> <!-- Surefire test -->
