<?xml version="1.0" encoding="UTF-8"?>
<!-- Generated by org.testng.reporters.JUnitXMLReporter -->
<testsuite ignored="0" hostname="LAPTOP-9Q4PB9CG" failures="0" tests="4" name="Default test" time="7.871" errors="0" timestamp="2024-10-07T12:01:44 IST">
  <testcase classname="api.test.UserTests2" name="testPostUser" time="3.015"/>
  <testcase classname="api.test.UserTests2" name="testGetUserByName" time="1.054"/>
  <testcase classname="api.test.UserTests2" name="testUpdateUserByName" time="2.104"/>
  <testcase classname="api.test.UserTests2" name="testDeleteUserByName" time="1.037"/>
</testsuite> <!-- Default test -->
