<?xml version="1.0" encoding="UTF-8"?>
<testng-results ignored="0" total="4" passed="4" failed="0" skipped="0">
  <reporter-output>
  </reporter-output>
  <suite started-at="2024-10-07T12:54:30 IST" name="PetSuite" finished-at="2024-10-07T12:54:38 IST" duration-ms="8092">
    <groups>
    </groups>
    <test started-at="2024-10-07T12:54:30 IST" name="Test" finished-at="2024-10-07T12:54:38 IST" duration-ms="8092">
      <class name="api.test.UserTests2">
        <test-method is-config="true" signature="setupData()[pri:0, instance:api.test.UserTests2@47d90b9e]" started-at="2024-10-07T12:54:30 IST" name="setupData" finished-at="2024-10-07T12:54:31 IST" duration-ms="695" status="PASS">
          <reporter-output>
          </reporter-output>
        </test-method> <!-- setupData -->
        <test-method signature="testPostUser()[pri:1, instance:api.test.UserTests2@47d90b9e]" started-at="2024-10-07T12:54:31 IST" name="testPostUser" finished-at="2024-10-07T12:54:34 IST" duration-ms="2866" status="PASS">
          <reporter-output>
          </reporter-output>
        </test-method> <!-- testPostUser -->
        <test-method signature="testGetUserByName()[pri:2, instance:api.test.UserTests2@47d90b9e]" started-at="2024-10-07T12:54:34 IST" name="testGetUserByName" finished-at="2024-10-07T12:54:35 IST" duration-ms="1066" status="PASS">
          <reporter-output>
          </reporter-output>
        </test-method> <!-- testGetUserByName -->
        <test-method signature="testUpdateUserByName()[pri:3, instance:api.test.UserTests2@47d90b9e]" started-at="2024-10-07T12:54:35 IST" name="testUpdateUserByName" finished-at="2024-10-07T12:54:37 IST" duration-ms="2118" status="PASS">
          <reporter-output>
          </reporter-output>
        </test-method> <!-- testUpdateUserByName -->
        <test-method signature="testDeleteUserByName()[pri:4, instance:api.test.UserTests2@47d90b9e]" started-at="2024-10-07T12:54:37 IST" name="testDeleteUserByName" finished-at="2024-10-07T12:54:38 IST" duration-ms="1056" status="PASS">
          <reporter-output>
          </reporter-output>
        </test-method> <!-- testDeleteUserByName -->
      </class> <!-- api.test.UserTests2 -->
    </test> <!-- Test -->
  </suite> <!-- PetSuite -->
</testng-results>
