<?xml version="1.0" encoding="UTF-8"?>
<testng-results ignored="0" total="4" passed="4" failed="0" skipped="0">
  <reporter-output>
  </reporter-output>
  <suite started-at="2024-10-07T12:09:36 IST" name="PetSuite" finished-at="2024-10-07T12:09:44 IST" duration-ms="7655">
    <groups>
    </groups>
    <test started-at="2024-10-07T12:09:36 IST" name="Test" finished-at="2024-10-07T12:09:44 IST" duration-ms="7655">
      <class name="api.test.UserTests2">
        <test-method is-config="true" signature="setupData()[pri:0, instance:api.test.UserTests2@747ddf94]" started-at="2024-10-07T12:09:36 IST" name="setupData" finished-at="2024-10-07T12:09:37 IST" duration-ms="612" status="PASS">
          <reporter-output>
          </reporter-output>
        </test-method> <!-- setupData -->
        <test-method signature="testPostUser()[pri:1, instance:api.test.UserTests2@747ddf94]" started-at="2024-10-07T12:09:37 IST" name="testPostUser" finished-at="2024-10-07T12:09:39 IST" duration-ms="2553" status="PASS">
          <reporter-output>
          </reporter-output>
        </test-method> <!-- testPostUser -->
        <test-method signature="testGetUserByName()[pri:2, instance:api.test.UserTests2@747ddf94]" started-at="2024-10-07T12:09:40 IST" name="testGetUserByName" finished-at="2024-10-07T12:09:41 IST" duration-ms="1057" status="PASS">
          <reporter-output>
          </reporter-output>
        </test-method> <!-- testGetUserByName -->
        <test-method signature="testUpdateUserByName()[pri:3, instance:api.test.UserTests2@747ddf94]" started-at="2024-10-07T12:09:41 IST" name="testUpdateUserByName" finished-at="2024-10-07T12:09:43 IST" duration-ms="2094" status="PASS">
          <reporter-output>
          </reporter-output>
        </test-method> <!-- testUpdateUserByName -->
        <test-method signature="testDeleteUserByName()[pri:4, instance:api.test.UserTests2@747ddf94]" started-at="2024-10-07T12:09:43 IST" name="testDeleteUserByName" finished-at="2024-10-07T12:09:44 IST" duration-ms="1032" status="PASS">
          <reporter-output>
          </reporter-output>
        </test-method> <!-- testDeleteUserByName -->
      </class> <!-- api.test.UserTests2 -->
    </test> <!-- Test -->
  </suite> <!-- PetSuite -->
</testng-results>
