<?xml version="1.0" encoding="UTF-8"?>
<!-- Generated by org.testng.reporters.JUnitXMLReporter -->
<testsuite ignored="0" hostname="LAPTOP-9Q4PB9CG" failures="0" tests="4" name="Test" time="8.092" errors="0" timestamp="2024-10-07T12:54:38 IST">
  <testcase classname="api.test.UserTests2" name="testPostUser" time="2.866"/>
  <testcase classname="api.test.UserTests2" name="testGetUserByName" time="1.066"/>
  <testcase classname="api.test.UserTests2" name="testUpdateUserByName" time="2.118"/>
  <testcase classname="api.test.UserTests2" name="testDeleteUserByName" time="1.056"/>
</testsuite> <!-- Test -->
