<?xml version="1.0" encoding="UTF-8"?>
<!-- Generated by org.testng.reporters.JUnitXMLReporter -->
<testsuite ignored="0" hostname="LAPTOP-9Q4PB9CG" failures="0" tests="4" name="Test" time="7.655" errors="0" timestamp="2024-10-07T12:09:44 IST">
  <testcase classname="api.test.UserTests2" name="testPostUser" time="2.553"/>
  <testcase classname="api.test.UserTests2" name="testGetUserByName" time="1.057"/>
  <testcase classname="api.test.UserTests2" name="testUpdateUserByName" time="2.094"/>
  <testcase classname="api.test.UserTests2" name="testDeleteUserByName" time="1.032"/>
</testsuite> <!-- Test -->
